[debug] [2024-10-26T11:07:28.673Z] ----------------------------------------------------------------------
[debug] [2024-10-26T11:07:28.674Z] Command:       /opt/homebrew/Cellar/node/21.2.0/bin/node /opt/homebrew/bin/firebase init hosting
[debug] [2024-10-26T11:07:28.674Z] CLI Version:   13.23.0
[debug] [2024-10-26T11:07:28.674Z] Platform:      darwin
[debug] [2024-10-26T11:07:28.674Z] Node Version:  v21.2.0
[debug] [2024-10-26T11:07:28.675Z] Time:          Sat Oct 26 2024 15:07:28 GMT+0400 (GMT+04:00)
[debug] [2024-10-26T11:07:28.675Z] ----------------------------------------------------------------------
[debug] 
[debug] [2024-10-26T11:07:28.678Z] > command requires scopes: ["email","openid","https://www.googleapis.com/auth/cloudplatformprojects.readonly","https://www.googleapis.com/auth/firebase","https://www.googleapis.com/auth/cloud-platform"]
[debug] [2024-10-26T11:07:28.678Z] > authorizing via signed-in user (williamsantony@gmail.com)
[info] 
     ######## #### ########  ######## ########     ###     ######  ########
     ##        ##  ##     ## ##       ##     ##  ##   ##  ##       ##
     ######    ##  ########  ######   ########  #########  ######  ######
     ##        ##  ##    ##  ##       ##     ## ##     ##       ## ##
     ##       #### ##     ## ######## ########  ##     ##  ######  ########

You're about to initialize a Firebase project in this directory:

  /Users/sumeshpaul/Desktop/Todo

[info] 
=== Project Setup
[info] 
[info] First, let's associate this project directory with a Firebase project.
[info] You can create multiple project aliases by running firebase use --add, 
[info] but for now we'll just set up a default project.
[info] 
[debug] [2024-10-26T11:07:29.694Z] Checked if tokens are valid: true, expires at: 1729942868773
[debug] [2024-10-26T11:07:29.694Z] Checked if tokens are valid: true, expires at: 1729942868773
[debug] [2024-10-26T11:07:29.696Z] >>> [apiv2][query] GET https://firebase.googleapis.com/v1beta1/projects pageSize=100
[debug] [2024-10-26T11:07:30.297Z] <<< [apiv2][status] GET https://firebase.googleapis.com/v1beta1/projects 200
[debug] [2024-10-26T11:07:30.297Z] <<< [apiv2][body] GET https://firebase.googleapis.com/v1beta1/projects [omitted]
[info] i  Using project to-do-project-52b36 (To-Do Project) 
[info] 
=== Hosting Setup
[debug] [2024-10-26T11:07:30.847Z] Checked if tokens are valid: true, expires at: 1729942868773
[debug] [2024-10-26T11:07:30.847Z] Checked if tokens are valid: true, expires at: 1729942868773
[debug] [2024-10-26T11:07:30.847Z] >>> [apiv2][query] GET https://firebase.googleapis.com/v1beta1/projects/to-do-project-52b36 [none]
[debug] [2024-10-26T11:07:31.141Z] <<< [apiv2][status] GET https://firebase.googleapis.com/v1beta1/projects/to-do-project-52b36 200
[debug] [2024-10-26T11:07:31.141Z] <<< [apiv2][body] GET https://firebase.googleapis.com/v1beta1/projects/to-do-project-52b36 {"projectId":"to-do-project-52b36","projectNumber":"583036655625","displayName":"To-Do Project","name":"projects/to-do-project-52b36","resources":{"hostingSite":"to-do-project-52b36"},"state":"ACTIVE","etag":"1_a96e7c30-7749-4ccf-8f55-814bc753e276"}
[info] 
[info] Your public directory is the folder (relative to your project directory) that
[info] will contain Hosting assets to be uploaded with firebase deploy. If you
[info] have a build process for your assets, use your build's output directory.
[info] 
[debug] [2024-10-26T11:07:43.799Z] >>> [apiv2][query] GET https://www.gstatic.com/firebasejs/releases.json [none]
[debug] [2024-10-26T11:07:43.971Z] <<< [apiv2][status] GET https://www.gstatic.com/firebasejs/releases.json 200
[debug] [2024-10-26T11:07:43.971Z] <<< [apiv2][body] GET https://www.gstatic.com/firebasejs/releases.json {"current":{"version":"11.0.1","browserURL":"https://www.gstatic.com/firebasejs/11.0.1/firebase.js","packageURL":"https://www.gstatic.com/firebasejs/11.0.1/firebase.tgz"},"live":{"version":"11.0","browserURL":"https://www.gstatic.com/firebasejs/live/11.0/firebase.js","packageURL":"https://www.gstatic.com/firebasejs/live/11.0/firebase.tgz"},"components":{"analytics":"https://www.gstatic.com/firebasejs/11.0.1/firebase-analytics.js","app":"https://www.gstatic.com/firebasejs/11.0.1/firebase-app.js","app-check":"https://www.gstatic.com/firebasejs/11.0.1/firebase-app-check.js","auth":"https://www.gstatic.com/firebasejs/11.0.1/firebase-auth.js","auth/cordova":"https://www.gstatic.com/firebasejs/11.0.1/firebase-auth/cordova.js","auth/web-extension":"https://www.gstatic.com/firebasejs/11.0.1/firebase-auth/web-extension.js","functions":"https://www.gstatic.com/firebasejs/11.0.1/firebase-functions.js","firestore":"https://www.gstatic.com/firebasejs/11.0.1/firebase-firestore.js","firestore/lite":"https://www.gstatic.com/firebasejs/11.0.1/firebase-firestore/lite.js","installations":"https://www.gstatic.com/firebasejs/11.0.1/firebase-installations.js","storage":"https://www.gstatic.com/firebasejs/11.0.1/firebase-storage.js","performance":"https://www.gstatic.com/firebasejs/11.0.1/firebase-performance.js","remote-config":"https://www.gstatic.com/firebasejs/11.0.1/firebase-remote-config.js","messaging":"https://www.gstatic.com/firebasejs/11.0.1/firebase-messaging.js","messaging/sw":"https://www.gstatic.com/firebasejs/11.0.1/firebase-messaging/sw.js","database":"https://www.gstatic.com/firebasejs/11.0.1/firebase-database.js","vertexai":"https://www.gstatic.com/firebasejs/11.0.1/firebase-vertexai.js","data-connect":"https://www.gstatic.com/firebasejs/11.0.1/firebase-data-connect.js","firestore.memory":"https://www.gstatic.com/firebasejs/11.0.1/firebase-firestore.memory.js"}}
[info] i  public/index.html is unchanged 
[info] 
[info] i  Didn't detect a .git folder. Assuming /Users/sumeshpaul/Desktop/Todo is the project root. 
[info] i  Authorizing with GitHub to upload your service account to a GitHub repository's secrets store. 
[info] 
[info] Visit this URL on this device to log in:
[info] https://github.com/login/oauth/authorize?client_id=89cf50f02ac6aaed3484&state=849971798&redirect_uri=http%3A%2F%2Flocalhost%3A9005&scope=read%3Auser%20repo%20public_repo
[info] 
[info] Waiting for authentication...
[debug] [2024-10-26T11:07:54.787Z] >>> [apiv2][query] POST https://github.com/login/oauth/access_token [none]
[debug] [2024-10-26T11:07:54.787Z] >>> [apiv2][body] POST https://github.com/login/oauth/access_token [stream]
[debug] [2024-10-26T11:07:55.118Z] <<< [apiv2][status] POST https://github.com/login/oauth/access_token 200
[debug] [2024-10-26T11:07:55.119Z] <<< [apiv2][body] POST https://github.com/login/oauth/access_token {"access_token":"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","token_type":"bearer","scope":"read:user,repo"}
[debug] [2024-10-26T11:07:55.135Z] >>> [apiv2][query] GET https://api.github.com/user [none]
[debug] [2024-10-26T11:07:55.477Z] <<< [apiv2][status] GET https://api.github.com/user 200
[debug] [2024-10-26T11:07:55.478Z] <<< [apiv2][body] GET https://api.github.com/user {"login":"sumeshpaul","id":43353283,"node_id":"MDQ6VXNlcjQzMzUzMjgz","avatar_url":"https://avatars.githubusercontent.com/u/43353283?v=4","gravatar_id":"","url":"https://api.github.com/users/sumeshpaul","html_url":"https://github.com/sumeshpaul","followers_url":"https://api.github.com/users/sumeshpaul/followers","following_url":"https://api.github.com/users/sumeshpaul/following{/other_user}","gists_url":"https://api.github.com/users/sumeshpaul/gists{/gist_id}","starred_url":"https://api.github.com/users/sumeshpaul/starred{/owner}{/repo}","subscriptions_url":"https://api.github.com/users/sumeshpaul/subscriptions","organizations_url":"https://api.github.com/users/sumeshpaul/orgs","repos_url":"https://api.github.com/users/sumeshpaul/repos","events_url":"https://api.github.com/users/sumeshpaul/events{/privacy}","received_events_url":"https://api.github.com/users/sumeshpaul/received_events","type":"User","user_view_type":"private","site_admin":false,"name":null,"company":null,"blog":"","location":null,"email":null,"hireable":null,"bio":null,"twitter_username":null,"notification_email":null,"public_repos":6,"public_gists":0,"followers":0,"following":0,"created_at":"2018-09-17T18:53:58Z","updated_at":"2024-06-28T10:11:38Z","private_gists":0,"total_private_repos":1,"owned_private_repos":1,"disk_usage":2,"collaborators":0,"two_factor_authentication":false,"plan":{"name":"free","space":976562499,"collaborators":0,"private_repos":10000}}
[info] 
[info] ✔  Success! Logged into GitHub as sumeshpaul 
[info] 
